<?xml version="1.0" encoding="UTF-8"?>
<!-- Generated by org.testng.reporters.JUnitReportReporter -->
<testsuite hostname="Gowtham" failures="0" tests="1" name="com.runner.RunnerClass" time="0.204" errors="1" timestamp="2025-03-13T20:53:42 IST" skipped="0">
  <testcase classname="com.runner.RunnerClass" name="runScenario" time="0.204">
    <error message="Cannot invoke &quot;org.openqa.selenium.WebDriver.get(String)&quot; because &quot;com.baseclass.BaseClass.driver&quot; is null" type="java.lang.NullPointerException">
      <![CDATA[java.lang.NullPointerException: Cannot invoke "org.openqa.selenium.WebDriver.get(String)" because "com.baseclass.BaseClass.driver" is null
at com.stepdefinition.LoginStepdefinition.user_should_navigate_to_login_page(LoginStepdefinition.java:14)
at ✽.user should navigate to login page(file:///C:/Users/kavit/eclipse-workspace/SeleniumTestProgram/src/test/resources/featureFiles/Login.feature:4)
]]>
    </error>
  </testcase> <!-- runScenario -->
</testsuite> <!-- com.runner.RunnerClass -->
