<?xml version="1.0" encoding="UTF-8"?>
<!-- Generated by org.testng.reporters.JUnitXMLReporter -->
<testsuite ignored="3" hostname="Gowtham" failures="0" tests="2" name="GRP-Regression" time="0.086" errors="0" timestamp="2025-03-11T14:54:48 IST">
  <testcase classname="org.testngtest.Groupsclass" name="test1" time="0.009"/>
  <testcase classname="org.testngtest.Groupsclass" name="test5" time="0.001"/>
  <testcase classname="org.testngtest.Groupsclass" name="test2" time="0.0">
    <ignored/>
  </testcase> <!-- test2 -->
  <testcase classname="org.testngtest.Groupsclass" name="test3" time="0.0">
    <ignored/>
  </testcase> <!-- test3 -->
  <testcase classname="org.testngtest.Groupsclass" name="test4" time="0.0">
    <ignored/>
  </testcase> <!-- test4 -->
</testsuite> <!-- GRP-Regression -->
