<?xml version="1.0" encoding="UTF-8"?>
<!-- Generated by org.testng.reporters.JUnitXMLReporter -->
<testsuite ignored="4" hostname="Gowtham" failures="0" tests="1" name="GRP-sanity" time="0.087" errors="0" timestamp="2025-03-11T14:55:15 IST">
  <testcase classname="org.testngtest.Groupsclass" name="test3" time="0.016"/>
  <testcase classname="org.testngtest.Groupsclass" name="test2" time="0.0">
    <ignored/>
  </testcase> <!-- test2 -->
  <testcase classname="org.testngtest.Groupsclass" name="test4" time="0.0">
    <ignored/>
  </testcase> <!-- test4 -->
  <testcase classname="org.testngtest.Groupsclass" name="test5" time="0.0">
    <ignored/>
  </testcase> <!-- test5 -->
  <testcase classname="org.testngtest.Groupsclass" name="test1" time="0.0">
    <ignored/>
  </testcase> <!-- test1 -->
</testsuite> <!-- GRP-sanity -->
